#
# There is insufficient memory for the Java Runtime Environment to continue.
# Native memory allocation (mmap) failed to map 266338304 bytes for Failed to commit area from 0x0000000702800000 to 0x0000000712600000 of length 266338304.
# Possible reasons:
#   The system is out of physical RAM or swap space
#   The process is running with CompressedOops enabled, and the Java Heap may be blocking the growth of the native heap
# Possible solutions:
#   Reduce memory load on the system
#   Increase physical memory or swap space
#   Check if swap backing store is full
#   Decrease Java heap size (-Xmx/-Xms)
#   Decrease number of Java threads
#   Decrease Java thread stack sizes (-Xss)
#   Set larger code cache with -XX:ReservedCodeCacheSize=
# This output file may be truncated or incomplete.
#
#  Out of Memory Error (./src/hotspot/os/windows/os_windows.cpp:3387), pid=19336, tid=20028
#
# JRE version:  (11.0.14.1+1) (build )
# Java VM: OpenJDK 64-Bit Server VM (11.0.14.1+1, mixed mode, sharing, tiered, compressed oops, g1 gc, windows-amd64)
# No core dump will be written. Minidumps are not enabled by default on client versions of Windows
#

---------------  S U M M A R Y ------------

Command Line: 

Host: Intel(R) Core(TM) i7-6700HQ CPU @ 2.60GHz, 8 cores, 15G,  Windows 10 , 64 bit Build 19041 (10.0.19041.4957)
Time: Mon Oct 28 20:47:53 2024 Hora est. Pacífico, Sudamérica elapsed time: 0.153786 seconds (0d 0h 0m 0s)

---------------  T H R E A D  ---------------

Current thread (0x00000249d65e3000):  JavaThread "Unknown thread" [_thread_in_vm, id=20028, stack(0x000000bc87800000,0x000000bc87900000)]

Stack: [0x000000bc87800000,0x000000bc87900000]
Native frames: (J=compiled Java code, j=interpreted, Vv=VM code, C=native code)
V  [jvm.dll+0x61e59a]
V  [jvm.dll+0x7aaca9]
V  [jvm.dll+0x7ac398]
V  [jvm.dll+0x7aca73]
V  [jvm.dll+0x24f9b8]
V  [jvm.dll+0x61b83a]
V  [jvm.dll+0x6100c5]
V  [jvm.dll+0x30772c]
V  [jvm.dll+0x3075b2]
V  [jvm.dll+0x30c2d6]
V  [jvm.dll+0x35272f]
V  [jvm.dll+0x352160]
V  [jvm.dll+0x2e4728]
V  [jvm.dll+0x2e5886]
V  [jvm.dll+0x784b07]
V  [jvm.dll+0x78628f]
V  [jvm.dll+0x35f479]
V  [jvm.dll+0x767aa0]
V  [jvm.dll+0x3ccf1f]
V  [jvm.dll+0x3cf2b1]
C  [jli.dll+0x5207]
C  [ucrtbase.dll+0x21bb2]
C  [KERNEL32.DLL+0x17374]
C  [ntdll.dll+0x4cc91]


---------------  P R O C E S S  ---------------

Threads class SMR info:
_java_thread_list=0x00000249d44f6200, length=0, elements={
}

Java Threads: ( => current thread )

Other Threads:
  0x00000249d65fc000 GCTaskThread "GC Thread#0" [stack: 0x000000bc87900000,0x000000bc87a00000] [id=17328]
  0x00000249d6658000 ConcurrentGCThread "G1 Main Marker" [stack: 0x000000bc87a00000,0x000000bc87b00000] [id=18756]
  0x00000249d665a800 ConcurrentGCThread "G1 Conc#0" [stack: 0x000000bc87b00000,0x000000bc87c00000] [id=16484]

[error occurred during error reporting (printing all threads), id 0xc0000005, EXCEPTION_ACCESS_VIOLATION (0xc0000005) at pc=0x00007ffe28493ef7]

VM state:not at safepoint (not fully initialized)

VM Mutex/Monitor currently owned by a thread:  ([mutex/lock_event])
[0x00000249d65df720] Heap_lock - owner thread: 0x00000249d65e3000

Heap address: 0x0000000702800000, size: 4056 MB, Compressed Oops mode: Non-zero based: 0x0000000702800000
Narrow klass base: 0x0000000000000000, Narrow klass shift: 0

GC Heap History (0 events):
No events

Deoptimization events (0 events):
No events

Classes redefined (0 events):
No events

Internal exceptions (0 events):
No events

Events (1 events):
Event: 0.111 Loaded shared library C:\Program Files\Unity\Hub\Editor\2022.3.46f1\Editor\Data\PlaybackEngines\AndroidPlayer\OpenJDK\bin\zip.dll


Dynamic libraries:
0x00007ff71e920000 - 0x00007ff71e92d000 	C:\Program Files\Unity\Hub\Editor\2022.3.46f1\Editor\Data\PlaybackEngines\AndroidPlayer\OpenJDK\bin\java.exe
0x00007fff4ff90000 - 0x00007fff50188000 	C:\WINDOWS\SYSTEM32\ntdll.dll
0x00007fff4e340000 - 0x00007fff4e402000 	C:\WINDOWS\System32\KERNEL32.DLL
0x00007fff4db00000 - 0x00007fff4ddfe000 	C:\WINDOWS\System32\KERNELBASE.dll
0x00007fff4de30000 - 0x00007fff4df30000 	C:\WINDOWS\System32\ucrtbase.dll
0x00007fff46ea0000 - 0x00007fff46eb7000 	C:\Program Files\Unity\Hub\Editor\2022.3.46f1\Editor\Data\PlaybackEngines\AndroidPlayer\OpenJDK\bin\jli.dll
0x00007fff4f8f0000 - 0x00007fff4fa8d000 	C:\WINDOWS\System32\USER32.dll
0x00007fff4de00000 - 0x00007fff4de22000 	C:\WINDOWS\System32\win32u.dll
0x00007fff3df70000 - 0x00007fff3e20a000 	C:\WINDOWS\WinSxS\amd64_microsoft.windows.common-controls_6595b64144ccf1df_6.0.19041.4355_none_60b8b9eb71f62e16\COMCTL32.dll
0x00007fff4dfb0000 - 0x00007fff4dfdb000 	C:\WINDOWS\System32\GDI32.dll
0x00007fff4ef10000 - 0x00007fff4efae000 	C:\WINDOWS\System32\msvcrt.dll
0x00007fff46e80000 - 0x00007fff46e95000 	C:\Program Files\Unity\Hub\Editor\2022.3.46f1\Editor\Data\PlaybackEngines\AndroidPlayer\OpenJDK\bin\VCRUNTIME140.dll
0x00007fff4d9e0000 - 0x00007fff4daf7000 	C:\WINDOWS\System32\gdi32full.dll
0x00007fff4d820000 - 0x00007fff4d8bd000 	C:\WINDOWS\System32\msvcp_win.dll
0x00007fff4fda0000 - 0x00007fff4fdcf000 	C:\WINDOWS\System32\IMM32.DLL
0x00007ffe8f360000 - 0x00007ffe8f3fb000 	C:\Program Files\Unity\Hub\Editor\2022.3.46f1\Editor\Data\PlaybackEngines\AndroidPlayer\OpenJDK\bin\msvcp140.dll
0x00007ffe281a0000 - 0x00007ffe28d21000 	C:\Program Files\Unity\Hub\Editor\2022.3.46f1\Editor\Data\PlaybackEngines\AndroidPlayer\OpenJDK\bin\server\jvm.dll
0x00007fff4e4e0000 - 0x00007fff4e592000 	C:\WINDOWS\System32\ADVAPI32.dll
0x00007fff4fb10000 - 0x00007fff4fbb0000 	C:\WINDOWS\System32\sechost.dll
0x00007fff4fc70000 - 0x00007fff4fd93000 	C:\WINDOWS\System32\RPCRT4.dll
0x00007fff4df30000 - 0x00007fff4df57000 	C:\WINDOWS\System32\bcrypt.dll
0x00007fff4e330000 - 0x00007fff4e338000 	C:\WINDOWS\System32\PSAPI.DLL
0x00007fff1edf0000 - 0x00007fff1edf9000 	C:\WINDOWS\SYSTEM32\WSOCK32.dll
0x00007fff3dd90000 - 0x00007fff3ddb7000 	C:\WINDOWS\SYSTEM32\WINMM.dll
0x00007fff442b0000 - 0x00007fff442ba000 	C:\WINDOWS\SYSTEM32\VERSION.dll
0x00007fff4eea0000 - 0x00007fff4ef0b000 	C:\WINDOWS\System32\WS2_32.dll
0x00007fff4b4b0000 - 0x00007fff4b4c2000 	C:\WINDOWS\SYSTEM32\kernel.appcore.dll
0x00007fff4abe0000 - 0x00007fff4abf0000 	C:\Program Files\Unity\Hub\Editor\2022.3.46f1\Editor\Data\PlaybackEngines\AndroidPlayer\OpenJDK\bin\verify.dll
0x00007fff45270000 - 0x00007fff45454000 	C:\WINDOWS\SYSTEM32\DBGHELP.DLL
0x00007fff43880000 - 0x00007fff438b4000 	C:\WINDOWS\SYSTEM32\dbgcore.DLL
0x00007fff4d630000 - 0x00007fff4d6b2000 	C:\WINDOWS\System32\bcryptPrimitives.dll
0x00007fff46e50000 - 0x00007fff46e78000 	C:\Program Files\Unity\Hub\Editor\2022.3.46f1\Editor\Data\PlaybackEngines\AndroidPlayer\OpenJDK\bin\java.dll
0x00007fff46e40000 - 0x00007fff46e4a000 	C:\Program Files\Unity\Hub\Editor\2022.3.46f1\Editor\Data\PlaybackEngines\AndroidPlayer\OpenJDK\bin\jimage.dll
0x00007fff46e20000 - 0x00007fff46e38000 	C:\Program Files\Unity\Hub\Editor\2022.3.46f1\Editor\Data\PlaybackEngines\AndroidPlayer\OpenJDK\bin\zip.dll

dbghelp: loaded successfully - version: 4.0.5 - missing functions: none
symbol engine: initialized successfully - sym options: 0x614 - pdb path: .;C:\Program Files\Unity\Hub\Editor\2022.3.46f1\Editor\Data\PlaybackEngines\AndroidPlayer\OpenJDK\bin;C:\WINDOWS\SYSTEM32;C:\WINDOWS\WinSxS\amd64_microsoft.windows.common-controls_6595b64144ccf1df_6.0.19041.4355_none_60b8b9eb71f62e16;C:\Program Files\Unity\Hub\Editor\2022.3.46f1\Editor\Data\PlaybackEngines\AndroidPlayer\OpenJDK\bin\server

VM Arguments:
java_command: <unknown>
java_class_path (initial): <not set>
Launcher Type: SUN_STANDARD

[Global flags]
     intx CICompilerCount                          = 4                                         {product} {ergonomic}
     uint ConcGCThreads                            = 2                                         {product} {ergonomic}
     uint G1ConcRefinementThreads                  = 8                                         {product} {ergonomic}
   size_t G1HeapRegionSize                         = 1048576                                   {product} {ergonomic}
    uintx GCDrainStackTargetSize                   = 64                                        {product} {ergonomic}
   size_t InitialHeapSize                          = 266338304                                 {product} {ergonomic}
   size_t MarkStackSize                            = 4194304                                   {product} {ergonomic}
   size_t MaxHeapSize                              = 4253024256                                {product} {ergonomic}
   size_t MinHeapDeltaBytes                        = 1048576                                   {product} {ergonomic}
    uintx NonNMethodCodeHeapSize                   = 5836300                                {pd product} {ergonomic}
    uintx NonProfiledCodeHeapSize                  = 122910970                              {pd product} {ergonomic}
    uintx ProfiledCodeHeapSize                     = 122910970                              {pd product} {ergonomic}
    uintx ReservedCodeCacheSize                    = 251658240                              {pd product} {ergonomic}
     bool SegmentedCodeCache                       = true                                      {product} {ergonomic}
     bool UseCompressedClassPointers               = true                                 {lp64_product} {ergonomic}
     bool UseCompressedOops                        = true                                 {lp64_product} {ergonomic}
     bool UseG1GC                                  = true                                      {product} {ergonomic}
     bool UseLargePagesIndividualAllocation        = false                                  {pd product} {ergonomic}

Logging:
Log output configuration:
 #0: stdout all=warning uptime,level,tags
 #1: stderr all=off uptime,level,tags

Environment Variables:
JAVA_HOME=C:\Program Files\Java\jdk-22
PATH=D:\Oculus\Support\oculus-runtime;C:\Python312\Scripts\;C:\Python312\;C:\Program Files\Common Files\Oracle\Java\jdk-22;C:\Program Files (x86)\NVIDIA Corporation\PhysX\Common;C:\Program Files\Rockwell Software\RSCommon;D:\7 ciclo\construccion\python\Scripts\;D:\7 ciclo\construccion\python\;C:\WINDOWS\system32;C:\WINDOWS;C:\WINDOWS\System32\Wbem;C:\WINDOWS\System32\WindowsPowerShell\v1.0\;C:\WINDOWS\System32\OpenSSH\;C:\Program Files\Microsoft SQL Server\Client SDK\ODBC\170\Tools\Binn\;C:\Program Files (x86)\Microsoft SQL Server\150\Tools\Binn\;C:\Program Files\Microsoft SQL Server\150\Tools\Binn\;C:\Program Files\Microsoft SQL Server\150\DTS\Binn\;C:\Program Files (x86)\Microsoft SQL Server\150\DTS\Binn\;C:\Program Files\Azure Data Studio\bin;C:\Program Files\Git\cmd;C:\xampp\php;C:\ProgramData\ComposerSetup\bin;C:\Program Files\Java\jdk-22\bin;c:\Users\BRYAN\AppData\Local\Programs\cursor\resources\app\bin;C:\Program Files\nodejs\;C:\ProgramData\chocolatey\bin;C:\Program Files\dotnet\;C:\Program Files\Common Files\Autodesk Shared\;C:\Users\BRYAN\AppData\Local\Microsoft\WindowsApps;C:\Program Files\Azure Data Studio\bin;C:\Users\BRYAN\AppData\Local\Programs\Microsoft VS Code\bin;C:\Users\BRYAN\AppData\Roaming\Composer\vendor\bin;C:\Users\BRYAN\AppData\Roaming\npm;C:\Users\BRYAN\AppData\Local\GitHubDesktop\bin
USERNAME=BRYAN
OS=Windows_NT
PROCESSOR_IDENTIFIER=Intel64 Family 6 Model 94 Stepping 3, GenuineIntel



---------------  S Y S T E M  ---------------

OS: Windows 10 , 64 bit Build 19041 (10.0.19041.4957)
OS uptime: 0 days 2:22 hours

CPU:total 8 (initial active 8) (4 cores per cpu, 2 threads per core) family 6 model 94 stepping 3 microcode 0xcc, cmov, cx8, fxsr, mmx, sse, sse2, sse3, ssse3, sse4.1, sse4.2, popcnt, avx, avx2, aes, clmul, erms, rtm, 3dnowpref, lzcnt, ht, tsc, tscinvbit, bmi1, bmi2, adx, fma

Memory: 4k page, system-wide physical 16222M (490M free)
TotalPageFile size 20084M (AvailPageFile size 65M)
current process WorkingSet (physical memory assigned to process): 10M, peak: 10M
current process commit charge ("private bytes"): 60M, peak: 314M

vm_info: OpenJDK 64-Bit Server VM (11.0.14.1+1) for windows-amd64 JRE (11.0.14.1+1), built on Feb  9 2022 01:48:27 by "" with unknown MS VC++:1916

END.
